#
# There is insufficient memory for the Java Runtime Environment to continue.
# Native memory allocation (malloc) failed to allocate 1048576 bytes. Error detail: AllocateHeap
# Possible reasons:
#   The system is out of physical RAM or swap space
#   This process is running with CompressedOops enabled, and the Java Heap may be blocking the growth of the native heap
# Possible solutions:
#   Reduce memory load on the system
#   Increase physical memory or swap space
#   Check if swap backing store is full
#   Decrease Java heap size (-Xmx/-Xms)
#   Decrease number of Java threads
#   Decrease Java thread stack sizes (-Xss)
#   Set larger code cache with -XX:ReservedCodeCacheSize=
#   JVM is running with Unscaled Compressed Oops mode in which the Java heap is
#     placed in the first 4GB address space. The Java Heap base address is the
#     maximum limit for the native heap growth. Please use -XX:HeapBaseMinAddress
#     to set the Java Heap base and to place the Java Heap above 4GB virtual address.
# This output file may be truncated or incomplete.
#
#  Out of Memory Error (allocation.cpp:44), pid=5444, tid=3160
#
# JRE version:  (22.0.2+9) (build )
# Java VM: Java HotSpot(TM) 64-Bit Server VM (22.0.2+9-70, mixed mode, sharing, tiered, compressed oops, compressed class ptrs, g1 gc, windows-amd64)
# No core dump will be written. Minidumps are not enabled by default on client versions of Windows
#

---------------  S U M M A R Y ------------

Command Line: -Dfile.encoding=UTF-8 --module-path=D:\Coding folder\Code and Projects\Java\Projects\Chatting Application\build\classes chatting.application.Server

Host: AMD Ryzen 5 5600H with Radeon Graphics         , 12 cores, 7G,  Windows 10 , 64 bit Build 19041 (10.0.19041.4597)
Time: Sun Aug  4 20:12:18 2024 India Standard Time elapsed time: 0.016185 seconds (0d 0h 0m 0s)

---------------  T H R E A D  ---------------

Current thread (0x0000021ef566fd80):  JavaThread "Unknown thread" [_thread_in_vm, id=3160, stack(0x000000c5e7600000,0x000000c5e7700000) (1024K)]

Stack: [0x000000c5e7600000,0x000000c5e7700000]
Native frames: (J=compiled Java code, j=interpreted, Vv=VM code, C=native code)
V  [jvm.dll+0x6e26e9]  (no source info available)
V  [jvm.dll+0x875753]  (no source info available)
V  [jvm.dll+0x877b7e]  (no source info available)
V  [jvm.dll+0x878253]  (no source info available)
V  [jvm.dll+0x27fc86]  (no source info available)
V  [jvm.dll+0xbe877]  (no source info available)
V  [jvm.dll+0x32a5f8]  (no source info available)
V  [jvm.dll+0x83d570]  (no source info available)
V  [jvm.dll+0x3c10d1]  (no source info available)
V  [jvm.dll+0x8264cc]  (no source info available)
V  [jvm.dll+0x45bd5e]  (no source info available)
V  [jvm.dll+0x45dbe1]  (no source info available)
C  [jli.dll+0x52a3]  (no source info available)
C  [ucrtbase.dll+0x21bb2]  (no source info available)
C  [KERNEL32.DLL+0x17374]  (no source info available)
C  [ntdll.dll+0x4cc91]  (no source info available)


---------------  P R O C E S S  ---------------

Threads class SMR info:
_java_thread_list=0x00007ffd5489c1c8, length=0, elements={
}

Java Threads: ( => current thread )
Total: 0

Other Threads:

=>0x0000021ef566fd80 (exited) JavaThread "Unknown thread"    [_thread_in_vm, id=3160, stack(0x000000c5e7600000,0x000000c5e7700000) (1024K)]
Total: 1

Threads with active compile tasks:
Total: 0

VM state: not at safepoint (not fully initialized)

VM Mutex/Monitor currently owned by a thread: None

Heap address: 0x0000000000000000, size: 0 MB, Compressed Oops mode: 32-bit

CDS archive(s) mapped at: [0x0000000000000000-0x0000000000000000-0x0000000000000000), size 0, SharedBaseAddress: 0x0000000800000000, ArchiveRelocationMode: 1.
Narrow klass base: 0x0000000000000000, Narrow klass shift: 0, Narrow klass range: 0x0

GC Precious Log:
 CardTable entry size: 512
 Card Set container configuration: InlinePtr #cards 5 size 8 Array Of Cards #cards 12 size 40 Howl #buckets 4 coarsen threshold 1843 Howl Bitmap #cards 512 size 80 coarsen threshold 460 Card regions per heap region 1 cards per card region 2048

GC Heap History (0 events):
No events

Dll operation events (1 events):
Event: 0.012 Loaded shared library C:\Program Files\Java\jdk-22\bin\java.dll

Deoptimization events (0 events):
No events

Classes loaded (0 events):
No events

Classes unloaded (0 events):
No events

Classes redefined (0 events):
No events

Internal exceptions (0 events):
No events

ZGC Phase Switch (0 events):
No events

VM Operations (0 events):
No events

Memory protections (0 events):
No events

Nmethod flushes (0 events):
No events

Events (0 events):
No events


Dynamic libraries:
0x00007ff7fbff0000 - 0x00007ff7fc000000 	C:\Program Files\Java\jdk-22\bin\java.exe
0x00007ffdae690000 - 0x00007ffdae888000 	C:\WINDOWS\SYSTEM32\ntdll.dll
0x00007ffdad9f0000 - 0x00007ffdadab1000 	C:\WINDOWS\System32\KERNEL32.DLL
0x00007ffdac0e0000 - 0x00007ffdac3d6000 	C:\WINDOWS\System32\KERNELBASE.dll
0x00007ffdabf00000 - 0x00007ffdac000000 	C:\WINDOWS\System32\ucrtbase.dll
0x00007ffd952c0000 - 0x00007ffd952db000 	C:\Program Files\Java\jdk-22\bin\VCRUNTIME140.dll
0x00007ffd7f680000 - 0x00007ffd7f697000 	C:\Program Files\Java\jdk-22\bin\jli.dll
0x00007ffdaca50000 - 0x00007ffdacbef000 	C:\WINDOWS\System32\USER32.dll
0x00007ffdabe60000 - 0x00007ffdabe82000 	C:\WINDOWS\System32\win32u.dll
0x00007ffdacec0000 - 0x00007ffdaceeb000 	C:\WINDOWS\System32\GDI32.dll
0x00007ffd955a0000 - 0x00007ffd9583a000 	C:\WINDOWS\WinSxS\amd64_microsoft.windows.common-controls_6595b64144ccf1df_6.0.19041.4355_none_60b8b9eb71f62e16\COMCTL32.dll
0x00007ffdabd40000 - 0x00007ffdabe57000 	C:\WINDOWS\System32\gdi32full.dll
0x00007ffdae490000 - 0x00007ffdae52e000 	C:\WINDOWS\System32\msvcrt.dll
0x00007ffdac3e0000 - 0x00007ffdac47d000 	C:\WINDOWS\System32\msvcp_win.dll
0x00007ffdac820000 - 0x00007ffdac84f000 	C:\WINDOWS\System32\IMM32.DLL
0x00007ffda9350000 - 0x00007ffda935c000 	C:\Program Files\Java\jdk-22\bin\vcruntime140_1.dll
0x00007ffd75aa0000 - 0x00007ffd75b2e000 	C:\Program Files\Java\jdk-22\bin\msvcp140.dll
0x00007ffd53cb0000 - 0x00007ffd549f9000 	C:\Program Files\Java\jdk-22\bin\server\jvm.dll
0x00007ffdac930000 - 0x00007ffdac9e0000 	C:\WINDOWS\System32\ADVAPI32.dll
0x00007ffdace20000 - 0x00007ffdacec0000 	C:\WINDOWS\System32\sechost.dll
0x00007ffdacbf0000 - 0x00007ffdacd13000 	C:\WINDOWS\System32\RPCRT4.dll
0x00007ffdac690000 - 0x00007ffdac6b7000 	C:\WINDOWS\System32\bcrypt.dll
0x00007ffdadcb0000 - 0x00007ffdadd1b000 	C:\WINDOWS\System32\WS2_32.dll
0x00007ffdab2c0000 - 0x00007ffdab30b000 	C:\WINDOWS\SYSTEM32\POWRPROF.dll
0x00007ffda5980000 - 0x00007ffda598a000 	C:\WINDOWS\SYSTEM32\VERSION.dll
0x00007ffda0340000 - 0x00007ffda0367000 	C:\WINDOWS\SYSTEM32\WINMM.dll
0x00007ffdab130000 - 0x00007ffdab142000 	C:\WINDOWS\SYSTEM32\UMPDC.dll
0x00007ffda9bc0000 - 0x00007ffda9bd2000 	C:\WINDOWS\SYSTEM32\kernel.appcore.dll
0x00007ffda81a0000 - 0x00007ffda81aa000 	C:\Program Files\Java\jdk-22\bin\jimage.dll
0x00007ffda25d0000 - 0x00007ffda27b4000 	C:\WINDOWS\SYSTEM32\DBGHELP.DLL
0x00007ffd94280000 - 0x00007ffd942b4000 	C:\WINDOWS\SYSTEM32\dbgcore.DLL
0x00007ffdac000000 - 0x00007ffdac082000 	C:\WINDOWS\System32\bcryptPrimitives.dll
0x00007ffd950f0000 - 0x00007ffd9510e000 	C:\Program Files\Java\jdk-22\bin\java.dll
0x00007ffdadd20000 - 0x00007ffdae48c000 	C:\WINDOWS\System32\SHELL32.dll
0x00007ffdadac0000 - 0x00007ffdadbeb000 	C:\WINDOWS\System32\ole32.dll
0x00007ffdad690000 - 0x00007ffdad9e3000 	C:\WINDOWS\System32\combase.dll

dbghelp: loaded successfully - version: 4.0.5 - missing functions: none
symbol engine: initialized successfully - sym options: 0x614 - pdb path: .;C:\Program Files\Java\jdk-22\bin;C:\WINDOWS\SYSTEM32;C:\WINDOWS\WinSxS\amd64_microsoft.windows.common-controls_6595b64144ccf1df_6.0.19041.4355_none_60b8b9eb71f62e16;C:\Program Files\Java\jdk-22\bin\server

VM Arguments:
jvm_args: -Dfile.encoding=UTF-8 --module-path=D:\Coding folder\Code and Projects\Java\Projects\Chatting Application\build\classes 
java_command: chatting.application.Server
java_class_path (initial): D:\Coding folder\Code and Projects\Java\Projects\Chatting Application\build\classes
Launcher Type: SUN_STANDARD

[Global flags]
     intx CICompilerCount                          = 4                                         {product} {ergonomic}
     uint ConcGCThreads                            = 3                                         {product} {ergonomic}
     uint G1ConcRefinementThreads                  = 10                                        {product} {ergonomic}
   size_t G1HeapRegionSize                         = 1048576                                   {product} {ergonomic}
   size_t InitialHeapSize                          = 123731968                                 {product} {ergonomic}
   size_t MarkStackSize                            = 4194304                                   {product} {ergonomic}
   size_t MaxHeapSize                              = 1973420032                                {product} {ergonomic}
   size_t MinHeapDeltaBytes                        = 1048576                                   {product} {ergonomic}
   size_t MinHeapSize                              = 8388608                                   {product} {ergonomic}
    uintx NonNMethodCodeHeapSize                   = 5839372                                {pd product} {ergonomic}
    uintx NonProfiledCodeHeapSize                  = 122909434                              {pd product} {ergonomic}
    uintx ProfiledCodeHeapSize                     = 122909434                              {pd product} {ergonomic}
    uintx ReservedCodeCacheSize                    = 251658240                              {pd product} {ergonomic}
     bool SegmentedCodeCache                       = true                                      {product} {ergonomic}
   size_t SoftMaxHeapSize                          = 1973420032                             {manageable} {ergonomic}
     bool UseCompressedOops                        = true                           {product lp64_product} {ergonomic}
     bool UseG1GC                                  = true                                      {product} {ergonomic}
     bool UseLargePagesIndividualAllocation        = false                                  {pd product} {ergonomic}

Logging:
Log output configuration:
 #0: stdout all=warning uptime,level,tags foldmultilines=false
 #1: stderr all=off uptime,level,tags foldmultilines=false

Environment Variables:
PATH=C:\Program Files\Common Files\Oracle\Java\javapath;C:\Program Files\Python312\Scripts\;C:\Program Files\Python312\;C:\Program Files (x86)\Common Files\Oracle\Java\javapath;C:\windows\system32;C:\windows;C:\windows\System32\Wbem;C:\windows\System32\WindowsPowerShell\v1.0\;C:\windows\System32\OpenSSH\;C:\Program Files (x86)\NVIDIA Corporation\PhysX\Common;C:\Program Files\NVIDIA Corporation\NVIDIA NvDLISR;C:\WINDOWS\system32;C:\WINDOWS;C:\WINDOWS\System32\Wbem;C:\WINDOWS\System32\WindowsPowerShell\v1.0\;C:\WINDOWS\System32\OpenSSH\;C:\Program Files\Go\bin;C:\Program Files\dotnet\;C:\ProgramData\chocolatey\bin;C:\Program Files\Git\cmd;C:\Program Files\Git\mingw64\bin;C:\Program Files\Git\usr\bin;C:\Program Files (x86)\Yarn\bin\;C:\Program Files\nodejs\;C:\Program Files\MySQL\MySQL Shell 8.0\bin\;C:\Users\Rahul Thakur Sharma\AppData\Local\Microsoft\WindowsApps;C:\MinGW\bin;C:\Users\Rahul Thakur Sharma\go\bin;C:\Users\Rahul Thakur Sharma\AppData\Local\JetBrains\Toolbox\scripts;C:\Program Files\Java\jdk1.8.0_202\bin;C:\Users\Rahul Thakur Sharma\AppData\Local\GitHubDesktop\bin;C:\Program Files\MySQL\MySQL Server 8.0\bin;C:\Users\Rahul Thakur Sharma\AppData\Local\Programs\Microsoft VS Code\bin;D:\Education\PyCharm 2023.2.3\bin;C:\Program Files\MongoDB\Server\7.0\bin;C:\Users\Rahul Thakur Sharma\AppData\Local\atom\bin;C:\Users\Rahul Thakur Sharma\AppData\Local\Yarn\bin;C:\Users\Rahul Thakur Sharma\AppData\Roaming\npm;C:\Program Files\Java\jdk-22\bin;
USERNAME=Rahul Thakur Sharma
OS=Windows_NT
PROCESSOR_IDENTIFIER=AMD64 Family 25 Model 80 Stepping 0, AuthenticAMD
TMP=C:\Users\RAHULT~1\AppData\Local\Temp
TEMP=C:\Users\RAHULT~1\AppData\Local\Temp




Periodic native trim disabled

---------------  S Y S T E M  ---------------

OS:
 Windows 10 , 64 bit Build 19041 (10.0.19041.4597)
OS uptime: 11 days 6:04 hours

CPU: total 12 (initial active 12) (12 cores per cpu, 2 threads per core) family 25 model 80 stepping 0 microcode 0x0, cx8, cmov, fxsr, ht, mmx, 3dnowpref, sse, sse2, sse3, ssse3, sse4a, sse4.1, sse4.2, popcnt, lzcnt, tsc, tscinvbit, avx, avx2, aes, erms, clmul, bmi1, bmi2, adx, sha, fma, vzeroupper, clflush, clflushopt, rdtscp, rdpid, fsrm, f16c, pku, cet_ss
Processor Information for all 12 processors :
  Max Mhz: 3301, Current Mhz: 1908, Mhz Limit: 3301

Memory: 4k page, system-wide physical 7523M (799M free)
TotalPageFile size 19811M (AvailPageFile size 5M)
current process WorkingSet (physical memory assigned to process): 11M, peak: 11M
current process commit charge ("private bytes"): 15M, peak: 16M

vm_info: Java HotSpot(TM) 64-Bit Server VM (22.0.2+9-70) for windows-amd64 JRE (22.0.2+9-70), built on 2024-06-04T16:52:23Z by "mach5one" with MS VC++ 17.6 (VS2022)

END.
